<?xml version="1.0" encoding="UTF-8"?>
<!-- Generated by org.testng.reporters.JUnitReportReporter -->
<testsuite hostname="DESKTOP-P309ICG" failures="0" tests="1" name="vtiger.com.create.organition.Test.CreateOrgwithIndtyprEducationNew" time="19.865" errors="0" timestamp="2022-01-21T21:55:10 IST" skipped="0">
  <testcase classname="vtiger.com.create.organition.Test.CreateOrgwithIndtyprEducationNew" name="createoeganwithIndEducationTest" time="19.865"/>
  <system-out/>
</testsuite> <!-- vtiger.com.create.organition.Test.CreateOrgwithIndtyprEducationNew -->
