<?xml version="1.0" encoding="UTF-8"?>
<!-- Generated by org.testng.reporters.JUnitReportReporter -->
<testsuite hostname="DESKTOP-P309ICG" failures="0" tests="2" name="vtiger.com.create.organition.Test.CreateOrganizationNew" time="36.200" errors="0" timestamp="2022-02-01T16:52:08 IST" skipped="0">
  <testcase classname="vtiger.com.create.organition.Test.CreateOrganizationNew" name="createoeganwithIndEducationTest" time="18.827"/>
  <system-out/>
  <testcase classname="vtiger.com.create.organition.Test.CreateOrganizationNew" name="createOrgTest" time="17.373"/>
  <system-out/>
</testsuite> <!-- vtiger.com.create.organition.Test.CreateOrganizationNew -->
