<?xml version="1.0" encoding="UTF-8"?>
<!-- Generated by org.testng.reporters.JUnitReportReporter -->
<testsuite hostname="DESKTOP-P309ICG" failures="0" tests="2" name="vtiger.com.create.organition.Test.CreatenewContactNew" time="48.046" errors="0" timestamp="2022-01-24T10:30:25 IST" skipped="0">
  <testcase classname="vtiger.com.create.organition.Test.CreatenewContactNew" name="createcontactTest" time="18.799"/>
  <system-out/>
  <testcase classname="vtiger.com.create.organition.Test.CreatenewContactNew" name="orgWithContactTest" time="29.247"/>
  <system-out/>
</testsuite> <!-- vtiger.com.create.organition.Test.CreatenewContactNew -->
