<?xml version="1.0" encoding="UTF-8"?>
<!-- Generated by org.testng.reporters.JUnitReportReporter -->
<testsuite hostname="DESKTOP-P309ICG" failures="0" tests="1" name="vtiger.com.create.organition.Test.ContactWithOrganizationnN" time="31.907" errors="0" timestamp="2022-01-21T19:32:49 IST" skipped="0">
  <testcase classname="vtiger.com.create.organition.Test.ContactWithOrganizationnN" name="orgWithContactTest" time="31.907"/>
  <system-out/>
</testsuite> <!-- vtiger.com.create.organition.Test.ContactWithOrganizationnN -->
