<?xml version="1.0" encoding="UTF-8"?>
<!-- Generated by org.testng.reporters.JUnitReportReporter -->
<testsuite hostname="DESKTOP-P309ICG" failures="0" tests="1" name="vtiger.com.create.organition.Test.ContactWithOrganizationnNew" time="32.061" errors="0" timestamp="2022-01-21T22:20:51 IST" skipped="0">
  <testcase classname="vtiger.com.create.organition.Test.ContactWithOrganizationnNew" name="orgWithContactTest" time="32.061"/>
  <system-out/>
</testsuite> <!-- vtiger.com.create.organition.Test.ContactWithOrganizationnNew -->
