<?xml version="1.0" encoding="UTF-8"?>
<!-- Generated by org.testng.reporters.JUnitReportReporter -->
<testsuite hostname="DESKTOP-P309ICG" failures="0" tests="1" name="vtiger.com.create.organition.Test.CreatenewContact" time="18.381" errors="0" timestamp="2022-01-21T19:01:23 IST" skipped="0">
  <testcase classname="vtiger.com.create.organition.Test.CreatenewContact" name="createcontactTest" time="18.381"/>
  <system-out/>
</testsuite> <!-- vtiger.com.create.organition.Test.CreatenewContact -->
