<?xml version="1.0" encoding="UTF-8"?>
<!-- Generated by org.testng.reporters.JUnitReportReporter -->
<testsuite hostname="DESKTOP-P309ICG" failures="0" tests="4" name="com.com.comcast.orgTest.BookPhone_dataProvider" time="0.019" errors="0" timestamp="2022-01-20T15:40:20 IST" skipped="0">
  <testcase classname="com.com.comcast.orgTest.BookPhone_dataProvider" name="bookphone" time="0.004"/>
  <system-out/>
  <testcase classname="com.com.comcast.orgTest.BookPhone_dataProvider" name="bookphone" time="0.003"/>
  <system-out/>
  <testcase classname="com.com.comcast.orgTest.BookPhone_dataProvider" name="bookphone" time="0.002"/>
  <system-out/>
  <testcase classname="com.com.comcast.orgTest.BookPhone_dataProvider" name="bookphone" time="0.010"/>
  <system-out/>
</testsuite> <!-- com.com.comcast.orgTest.BookPhone_dataProvider -->
