<?xml version="1.0" encoding="UTF-8"?>
<!-- Generated by org.testng.reporters.JUnitReportReporter -->
<testsuite hostname="DESKTOP-P309ICG" failures="0" tests="1" name="vtiger.puechase.order.Test.ContactWithOrganizationnNew" time="36.990" errors="0" timestamp="2022-01-22T13:52:28 IST" skipped="0">
  <testcase classname="vtiger.puechase.order.Test.ContactWithOrganizationnNew" name="orgWithContactTest" time="36.990"/>
  <system-out/>
</testsuite> <!-- vtiger.puechase.order.Test.ContactWithOrganizationnNew -->
