<?xml version="1.0" encoding="UTF-8"?>
<!-- Generated by org.testng.reporters.JUnitReportReporter -->
<testsuite hostname="DESKTOP-P309ICG" failures="0" tests="1" name="vtiger.com.create.organition.Test.TnG_CreateOrganizationTest" time="15.439" errors="0" timestamp="2022-01-21T21:00:09 IST" skipped="0">
  <testcase classname="vtiger.com.create.organition.Test.TnG_CreateOrganizationTest" name="createOrgTest" time="15.439"/>
  <system-out/>
</testsuite> <!-- vtiger.com.create.organition.Test.TnG_CreateOrganizationTest -->
