<?xml version="1.0" encoding="UTF-8"?>
<!-- Generated by org.testng.reporters.JUnitReportReporter -->
<testsuite hostname="DESKTOP-P309ICG" failures="0" tests="2" name="vtiger.com.create.contact.Test.CreatenewContactNew" time="48.520" errors="0" timestamp="2022-02-01T17:01:03 IST" skipped="0">
  <testcase classname="vtiger.com.create.contact.Test.CreatenewContactNew" name="orgWithContactTest" time="29.753"/>
  <system-out/>
  <testcase classname="vtiger.com.create.contact.Test.CreatenewContactNew" name="createcontactTest" time="18.767"/>
  <system-out/>
</testsuite> <!-- vtiger.com.create.contact.Test.CreatenewContactNew -->
